#
# There is insufficient memory for the Java Runtime Environment to continue.
# Native memory allocation (malloc) failed to allocate 1172336 bytes for Chunk::new
# Possible reasons:
#   The system is out of physical RAM or swap space
#   The process is running with CompressedOops enabled, and the Java Heap may be blocking the growth of the native heap
# Possible solutions:
#   Reduce memory load on the system
#   Increase physical memory or swap space
#   Check if swap backing store is full
#   Decrease Java heap size (-Xmx/-Xms)
#   Decrease number of Java threads
#   Decrease Java thread stack sizes (-Xss)
#   Set larger code cache with -XX:ReservedCodeCacheSize=
#   JVM is running with Unscaled Compressed Oops mode in which the Java heap is
#     placed in the first 4GB address space. The Java Heap base address is the
#     maximum limit for the native heap growth. Please use -XX:HeapBaseMinAddress
#     to set the Java Heap base and to place the Java Heap above 4GB virtual address.
# This output file may be truncated or incomplete.
#
#  Out of Memory Error (arena.cpp:189), pid=28952, tid=18020
#
# JRE version: Java(TM) SE Runtime Environment (17.0.10+11) (build 17.0.10+11-LTS-240)
# Java VM: Java HotSpot(TM) 64-Bit Server VM (17.0.10+11-LTS-240, mixed mode, sharing, tiered, compressed oops, compressed class ptrs, g1 gc, windows-amd64)
# No core dump will be written. Minidumps are not enabled by default on client versions of Windows
#

---------------  S U M M A R Y ------------

Command Line: -Dfile.encoding=UTF-8 --module-path=C:\Users\hgmin\OneDrive\Desktop\study\final_project_app\build\classes GUI.Final_project

Host: 11th Gen Intel(R) Core(TM) i5-1135G7 @ 2.40GHz, 8 cores, 7G,  Windows 11 , 64 bit Build 22621 (10.0.22621.3235)
Time: Fri Apr  5 22:13:03 2024 SE Asia Standard Time elapsed time: 30.792526 seconds (0d 0h 0m 30s)

---------------  T H R E A D  ---------------

Current thread (0x000001b062e37c80):  JavaThread "C2 CompilerThread0" daemon [_thread_in_native, id=18020, stack(0x0000002925d00000,0x0000002925e00000)]


Current CompileTask:
C2:  30792 1379   !   4       sun.awt.image.PNGImageDecoder::produceImage (1917 bytes)

Stack: [0x0000002925d00000,0x0000002925e00000]
Native frames: (J=compiled Java code, j=interpreted, Vv=VM code, C=native code)
V  [jvm.dll+0x677a5a]
V  [jvm.dll+0x7d8b2d]
V  [jvm.dll+0x7da48e]
V  [jvm.dll+0x7daaf3]
V  [jvm.dll+0x2455ff]
V  [jvm.dll+0xaaafb]
V  [jvm.dll+0xab09c]
V  [jvm.dll+0x361b5f]
V  [jvm.dll+0x32c211]
V  [jvm.dll+0x32b6aa]
V  [jvm.dll+0x21794f]
V  [jvm.dll+0x216d81]
V  [jvm.dll+0x1a3410]
V  [jvm.dll+0x226aeb]
V  [jvm.dll+0x224cab]
V  [jvm.dll+0x78e45c]
V  [jvm.dll+0x78888a]
V  [jvm.dll+0x676935]
C  [ucrtbase.dll+0x29363]
C  [KERNEL32.DLL+0x1257d]
C  [ntdll.dll+0x5aa58]


---------------  P R O C E S S  ---------------

Threads class SMR info:
_java_thread_list=0x000001b067b70110, length=20, elements={
0x000001b062e1fb60, 0x000001b062e20520, 0x000001b062e33540, 0x000001b062e33e10,
0x000001b062e356f0, 0x000001b062e36fd0, 0x000001b062e37c80, 0x000001b062e44f60,
0x000001b062e47490, 0x000001b062e0ab00, 0x000001b06724cdd0, 0x000001b0674ccec0,
0x000001b0674cd3a0, 0x000001b0674fe920, 0x000001b067792790, 0x000001b067bdc5b0,
0x000001b067bde410, 0x000001b067bdcac0, 0x000001b067bdcfd0, 0x000001b067bdd4e0
}

Java Threads: ( => current thread )
  0x000001b062e1fb60 JavaThread "Reference Handler" daemon [_thread_blocked, id=20608, stack(0x0000002925700000,0x0000002925800000)]
  0x000001b062e20520 JavaThread "Finalizer" daemon [_thread_blocked, id=28104, stack(0x0000002925800000,0x0000002925900000)]
  0x000001b062e33540 JavaThread "Signal Dispatcher" daemon [_thread_blocked, id=24616, stack(0x0000002925900000,0x0000002925a00000)]
  0x000001b062e33e10 JavaThread "Attach Listener" daemon [_thread_blocked, id=29480, stack(0x0000002925a00000,0x0000002925b00000)]
  0x000001b062e356f0 JavaThread "Service Thread" daemon [_thread_blocked, id=12416, stack(0x0000002925b00000,0x0000002925c00000)]
  0x000001b062e36fd0 JavaThread "Monitor Deflation Thread" daemon [_thread_blocked, id=29132, stack(0x0000002925c00000,0x0000002925d00000)]
=>0x000001b062e37c80 JavaThread "C2 CompilerThread0" daemon [_thread_in_native, id=18020, stack(0x0000002925d00000,0x0000002925e00000)]
  0x000001b062e44f60 JavaThread "C1 CompilerThread0" daemon [_thread_blocked, id=23220, stack(0x0000002925e00000,0x0000002925f00000)]
  0x000001b062e47490 JavaThread "Sweeper thread" daemon [_thread_blocked, id=8024, stack(0x0000002925f00000,0x0000002926000000)]
  0x000001b062e0ab00 JavaThread "Common-Cleaner" daemon [_thread_blocked, id=10920, stack(0x0000002926000000,0x0000002926100000)]
  0x000001b06724cdd0 JavaThread "Notification Thread" daemon [_thread_blocked, id=13376, stack(0x0000002926100000,0x0000002926200000)]
  0x000001b0674ccec0 JavaThread "Java2D Disposer" daemon [_thread_blocked, id=29560, stack(0x0000002926300000,0x0000002926400000)]
  0x000001b0674cd3a0 JavaThread "AWT-Shutdown" [_thread_blocked, id=7668, stack(0x0000002926400000,0x0000002926500000)]
  0x000001b0674fe920 JavaThread "AWT-Windows" daemon [_thread_in_native, id=8072, stack(0x0000002926500000,0x0000002926600000)]
  0x000001b067792790 JavaThread "AWT-EventQueue-0" [_thread_blocked, id=27896, stack(0x0000002926700000,0x0000002926800000)]
  0x000001b067bdc5b0 JavaThread "pool-1-thread-1" [_thread_blocked, id=8092, stack(0x0000002926c00000,0x0000002926d00000)]
  0x000001b067bde410 JavaThread "pool-1-thread-2" [_thread_blocked, id=20964, stack(0x0000002926d00000,0x0000002926e00000)]
  0x000001b067bdcac0 JavaThread "DestroyJavaVM" [_thread_blocked, id=9236, stack(0x0000002925000000,0x0000002925100000)]
  0x000001b067bdcfd0 JavaThread "Image Fetcher 0" daemon [_thread_in_Java, id=15720, stack(0x0000002926600000,0x0000002926700000)]
  0x000001b067bdd4e0 JavaThread "Image Fetcher 1" daemon [_thread_blocked, id=18028, stack(0x0000002926e00000,0x0000002926f00000)]

Other Threads:
  0x000001b062e1cd90 VMThread "VM Thread" [stack: 0x0000002925600000,0x0000002925700000] [id=3880]
  0x000001b06725b300 WatcherThread [stack: 0x0000002926200000,0x0000002926300000] [id=26180]
  0x000001b042f9df20 GCTaskThread "GC Thread#0" [stack: 0x0000002925100000,0x0000002925200000] [id=7596]
  0x000001b042fb0650 ConcurrentGCThread "G1 Main Marker" [stack: 0x0000002925200000,0x0000002925300000] [id=25052]
  0x000001b042fb0f60 ConcurrentGCThread "G1 Conc#0" [stack: 0x0000002925300000,0x0000002925400000] [id=23512]
  0x000001b062cd8010 ConcurrentGCThread "G1 Refine#0" [stack: 0x0000002925400000,0x0000002925500000] [id=22384]
  0x000001b062cd9950 ConcurrentGCThread "G1 Service" [stack: 0x0000002925500000,0x0000002925600000] [id=12008]

Threads with active compile tasks:
C2 CompilerThread0    30818 1379   !   4       sun.awt.image.PNGImageDecoder::produceImage (1917 bytes)

VM state: not at safepoint (normal execution)

VM Mutex/Monitor currently owned by a thread: None

Heap address: 0x0000000083a00000, size: 1990 MB, Compressed Oops mode: 32-bit

CDS archive(s) mapped at: [0x000001b000000000-0x000001b000bd0000-0x000001b000bd0000), size 12386304, SharedBaseAddress: 0x000001b000000000, ArchiveRelocationMode: 1.
Compressed class space mapped at: 0x000001b001000000-0x000001b041000000, reserved size: 1073741824
Narrow klass base: 0x000001b000000000, Narrow klass shift: 0, Narrow klass range: 0x100000000

GC Precious Log:
 CPUs: 8 total, 8 available
 Memory: 7957M
 Large Page Support: Disabled
 NUMA Support: Disabled
 Compressed Oops: Enabled (32-bit)
 Heap Region Size: 1M
 Heap Min Capacity: 8M
 Heap Initial Capacity: 126M
 Heap Max Capacity: 1990M
 Pre-touch: Disabled
 Parallel Workers: 8
 Concurrent Workers: 2
 Concurrent Refinement Workers: 8
 Periodic GC: Disabled

Heap:
 garbage-first heap   total 129024K, used 29696K [0x0000000083a00000, 0x0000000100000000)
  region size 1024K, 23 young (23552K), 0 survivors (0K)
 Metaspace       used 12697K, committed 12928K, reserved 1114112K
  class space    used 1412K, committed 1536K, reserved 1048576K

Heap Regions: E=young(eden), S=young(survivor), O=old, HS=humongous(starts), HC=humongous(continues), CS=collection set, F=free, OA=open archive, CA=closed archive, TAMS=top-at-mark-start (previous, next)
|   0|0x0000000083a00000, 0x0000000083b00000, 0x0000000083b00000|100%|HS|  |TAMS 0x0000000083a00000, 0x0000000083a00000| Complete 
|   1|0x0000000083b00000, 0x0000000083c00000, 0x0000000083c00000|100%|HC|  |TAMS 0x0000000083b00000, 0x0000000083b00000| Complete 
|   2|0x0000000083c00000, 0x0000000083d00000, 0x0000000083d00000|100%|HS|  |TAMS 0x0000000083c00000, 0x0000000083c00000| Complete 
|   3|0x0000000083d00000, 0x0000000083e00000, 0x0000000083e00000|100%|HC|  |TAMS 0x0000000083d00000, 0x0000000083d00000| Complete 
|   4|0x0000000083e00000, 0x0000000083f00000, 0x0000000083f00000|100%|HC|  |TAMS 0x0000000083e00000, 0x0000000083e00000| Complete 
|   5|0x0000000083f00000, 0x0000000084000000, 0x0000000084000000|100%|HS|  |TAMS 0x0000000083f00000, 0x0000000083f00000| Complete 
|   6|0x0000000084000000, 0x0000000084100000, 0x0000000084100000|100%|HC|  |TAMS 0x0000000084000000, 0x0000000084000000| Complete 
|   7|0x0000000084100000, 0x0000000084100000, 0x0000000084200000|  0%| F|  |TAMS 0x0000000084100000, 0x0000000084100000| Untracked 
|   8|0x0000000084200000, 0x0000000084200000, 0x0000000084300000|  0%| F|  |TAMS 0x0000000084200000, 0x0000000084200000| Untracked 
|   9|0x0000000084300000, 0x0000000084300000, 0x0000000084400000|  0%| F|  |TAMS 0x0000000084300000, 0x0000000084300000| Untracked 
|  10|0x0000000084400000, 0x0000000084400000, 0x0000000084500000|  0%| F|  |TAMS 0x0000000084400000, 0x0000000084400000| Untracked 
|  11|0x0000000084500000, 0x0000000084500000, 0x0000000084600000|  0%| F|  |TAMS 0x0000000084500000, 0x0000000084500000| Untracked 
|  12|0x0000000084600000, 0x0000000084600000, 0x0000000084700000|  0%| F|  |TAMS 0x0000000084600000, 0x0000000084600000| Untracked 
|  13|0x0000000084700000, 0x0000000084700000, 0x0000000084800000|  0%| F|  |TAMS 0x0000000084700000, 0x0000000084700000| Untracked 
|  14|0x0000000084800000, 0x0000000084800000, 0x0000000084900000|  0%| F|  |TAMS 0x0000000084800000, 0x0000000084800000| Untracked 
|  15|0x0000000084900000, 0x0000000084900000, 0x0000000084a00000|  0%| F|  |TAMS 0x0000000084900000, 0x0000000084900000| Untracked 
|  16|0x0000000084a00000, 0x0000000084a00000, 0x0000000084b00000|  0%| F|  |TAMS 0x0000000084a00000, 0x0000000084a00000| Untracked 
|  17|0x0000000084b00000, 0x0000000084b00000, 0x0000000084c00000|  0%| F|  |TAMS 0x0000000084b00000, 0x0000000084b00000| Untracked 
|  18|0x0000000084c00000, 0x0000000084c00000, 0x0000000084d00000|  0%| F|  |TAMS 0x0000000084c00000, 0x0000000084c00000| Untracked 
|  19|0x0000000084d00000, 0x0000000084d00000, 0x0000000084e00000|  0%| F|  |TAMS 0x0000000084d00000, 0x0000000084d00000| Untracked 
|  20|0x0000000084e00000, 0x0000000084e00000, 0x0000000084f00000|  0%| F|  |TAMS 0x0000000084e00000, 0x0000000084e00000| Untracked 
|  21|0x0000000084f00000, 0x0000000084f00000, 0x0000000085000000|  0%| F|  |TAMS 0x0000000084f00000, 0x0000000084f00000| Untracked 
|  22|0x0000000085000000, 0x0000000085000000, 0x0000000085100000|  0%| F|  |TAMS 0x0000000085000000, 0x0000000085000000| Untracked 
|  23|0x0000000085100000, 0x0000000085100000, 0x0000000085200000|  0%| F|  |TAMS 0x0000000085100000, 0x0000000085100000| Untracked 
|  24|0x0000000085200000, 0x0000000085200000, 0x0000000085300000|  0%| F|  |TAMS 0x0000000085200000, 0x0000000085200000| Untracked 
|  25|0x0000000085300000, 0x0000000085300000, 0x0000000085400000|  0%| F|  |TAMS 0x0000000085300000, 0x0000000085300000| Untracked 
|  26|0x0000000085400000, 0x0000000085400000, 0x0000000085500000|  0%| F|  |TAMS 0x0000000085400000, 0x0000000085400000| Untracked 
|  27|0x0000000085500000, 0x0000000085500000, 0x0000000085600000|  0%| F|  |TAMS 0x0000000085500000, 0x0000000085500000| Untracked 
|  28|0x0000000085600000, 0x0000000085600000, 0x0000000085700000|  0%| F|  |TAMS 0x0000000085600000, 0x0000000085600000| Untracked 
|  29|0x0000000085700000, 0x0000000085700000, 0x0000000085800000|  0%| F|  |TAMS 0x0000000085700000, 0x0000000085700000| Untracked 
|  30|0x0000000085800000, 0x0000000085800000, 0x0000000085900000|  0%| F|  |TAMS 0x0000000085800000, 0x0000000085800000| Untracked 
|  31|0x0000000085900000, 0x0000000085900000, 0x0000000085a00000|  0%| F|  |TAMS 0x0000000085900000, 0x0000000085900000| Untracked 
|  32|0x0000000085a00000, 0x0000000085a00000, 0x0000000085b00000|  0%| F|  |TAMS 0x0000000085a00000, 0x0000000085a00000| Untracked 
|  33|0x0000000085b00000, 0x0000000085b00000, 0x0000000085c00000|  0%| F|  |TAMS 0x0000000085b00000, 0x0000000085b00000| Untracked 
|  34|0x0000000085c00000, 0x0000000085c00000, 0x0000000085d00000|  0%| F|  |TAMS 0x0000000085c00000, 0x0000000085c00000| Untracked 
|  35|0x0000000085d00000, 0x0000000085d00000, 0x0000000085e00000|  0%| F|  |TAMS 0x0000000085d00000, 0x0000000085d00000| Untracked 
|  36|0x0000000085e00000, 0x0000000085e00000, 0x0000000085f00000|  0%| F|  |TAMS 0x0000000085e00000, 0x0000000085e00000| Untracked 
|  37|0x0000000085f00000, 0x0000000085f00000, 0x0000000086000000|  0%| F|  |TAMS 0x0000000085f00000, 0x0000000085f00000| Untracked 
|  38|0x0000000086000000, 0x0000000086000000, 0x0000000086100000|  0%| F|  |TAMS 0x0000000086000000, 0x0000000086000000| Untracked 
|  39|0x0000000086100000, 0x0000000086100000, 0x0000000086200000|  0%| F|  |TAMS 0x0000000086100000, 0x0000000086100000| Untracked 
|  40|0x0000000086200000, 0x0000000086200000, 0x0000000086300000|  0%| F|  |TAMS 0x0000000086200000, 0x0000000086200000| Untracked 
|  41|0x0000000086300000, 0x0000000086300000, 0x0000000086400000|  0%| F|  |TAMS 0x0000000086300000, 0x0000000086300000| Untracked 
|  42|0x0000000086400000, 0x0000000086400000, 0x0000000086500000|  0%| F|  |TAMS 0x0000000086400000, 0x0000000086400000| Untracked 
|  43|0x0000000086500000, 0x0000000086500000, 0x0000000086600000|  0%| F|  |TAMS 0x0000000086500000, 0x0000000086500000| Untracked 
|  44|0x0000000086600000, 0x0000000086600000, 0x0000000086700000|  0%| F|  |TAMS 0x0000000086600000, 0x0000000086600000| Untracked 
|  45|0x0000000086700000, 0x0000000086700000, 0x0000000086800000|  0%| F|  |TAMS 0x0000000086700000, 0x0000000086700000| Untracked 
|  46|0x0000000086800000, 0x0000000086800000, 0x0000000086900000|  0%| F|  |TAMS 0x0000000086800000, 0x0000000086800000| Untracked 
|  47|0x0000000086900000, 0x0000000086900000, 0x0000000086a00000|  0%| F|  |TAMS 0x0000000086900000, 0x0000000086900000| Untracked 
|  48|0x0000000086a00000, 0x0000000086a00000, 0x0000000086b00000|  0%| F|  |TAMS 0x0000000086a00000, 0x0000000086a00000| Untracked 
|  49|0x0000000086b00000, 0x0000000086b00000, 0x0000000086c00000|  0%| F|  |TAMS 0x0000000086b00000, 0x0000000086b00000| Untracked 
|  50|0x0000000086c00000, 0x0000000086c00000, 0x0000000086d00000|  0%| F|  |TAMS 0x0000000086c00000, 0x0000000086c00000| Untracked 
|  51|0x0000000086d00000, 0x0000000086d00000, 0x0000000086e00000|  0%| F|  |TAMS 0x0000000086d00000, 0x0000000086d00000| Untracked 
|  52|0x0000000086e00000, 0x0000000086e00000, 0x0000000086f00000|  0%| F|  |TAMS 0x0000000086e00000, 0x0000000086e00000| Untracked 
|  53|0x0000000086f00000, 0x0000000086f00000, 0x0000000087000000|  0%| F|  |TAMS 0x0000000086f00000, 0x0000000086f00000| Untracked 
|  54|0x0000000087000000, 0x0000000087000000, 0x0000000087100000|  0%| F|  |TAMS 0x0000000087000000, 0x0000000087000000| Untracked 
|  55|0x0000000087100000, 0x0000000087100000, 0x0000000087200000|  0%| F|  |TAMS 0x0000000087100000, 0x0000000087100000| Untracked 
|  56|0x0000000087200000, 0x0000000087200000, 0x0000000087300000|  0%| F|  |TAMS 0x0000000087200000, 0x0000000087200000| Untracked 
|  57|0x0000000087300000, 0x0000000087300000, 0x0000000087400000|  0%| F|  |TAMS 0x0000000087300000, 0x0000000087300000| Untracked 
|  58|0x0000000087400000, 0x0000000087400000, 0x0000000087500000|  0%| F|  |TAMS 0x0000000087400000, 0x0000000087400000| Untracked 
|  59|0x0000000087500000, 0x0000000087500000, 0x0000000087600000|  0%| F|  |TAMS 0x0000000087500000, 0x0000000087500000| Untracked 
|  60|0x0000000087600000, 0x0000000087600000, 0x0000000087700000|  0%| F|  |TAMS 0x0000000087600000, 0x0000000087600000| Untracked 
|  61|0x0000000087700000, 0x0000000087700000, 0x0000000087800000|  0%| F|  |TAMS 0x0000000087700000, 0x0000000087700000| Untracked 
|  62|0x0000000087800000, 0x0000000087800000, 0x0000000087900000|  0%| F|  |TAMS 0x0000000087800000, 0x0000000087800000| Untracked 
|  63|0x0000000087900000, 0x0000000087900000, 0x0000000087a00000|  0%| F|  |TAMS 0x0000000087900000, 0x0000000087900000| Untracked 
|  64|0x0000000087a00000, 0x0000000087a00000, 0x0000000087b00000|  0%| F|  |TAMS 0x0000000087a00000, 0x0000000087a00000| Untracked 
|  65|0x0000000087b00000, 0x0000000087b00000, 0x0000000087c00000|  0%| F|  |TAMS 0x0000000087b00000, 0x0000000087b00000| Untracked 
|  66|0x0000000087c00000, 0x0000000087c00000, 0x0000000087d00000|  0%| F|  |TAMS 0x0000000087c00000, 0x0000000087c00000| Untracked 
|  67|0x0000000087d00000, 0x0000000087d00000, 0x0000000087e00000|  0%| F|  |TAMS 0x0000000087d00000, 0x0000000087d00000| Untracked 
|  68|0x0000000087e00000, 0x0000000087e00000, 0x0000000087f00000|  0%| F|  |TAMS 0x0000000087e00000, 0x0000000087e00000| Untracked 
|  69|0x0000000087f00000, 0x0000000087f00000, 0x0000000088000000|  0%| F|  |TAMS 0x0000000087f00000, 0x0000000087f00000| Untracked 
|  70|0x0000000088000000, 0x0000000088000000, 0x0000000088100000|  0%| F|  |TAMS 0x0000000088000000, 0x0000000088000000| Untracked 
|  71|0x0000000088100000, 0x0000000088100000, 0x0000000088200000|  0%| F|  |TAMS 0x0000000088100000, 0x0000000088100000| Untracked 
|  72|0x0000000088200000, 0x0000000088200000, 0x0000000088300000|  0%| F|  |TAMS 0x0000000088200000, 0x0000000088200000| Untracked 
|  73|0x0000000088300000, 0x0000000088300000, 0x0000000088400000|  0%| F|  |TAMS 0x0000000088300000, 0x0000000088300000| Untracked 
|  74|0x0000000088400000, 0x0000000088400000, 0x0000000088500000|  0%| F|  |TAMS 0x0000000088400000, 0x0000000088400000| Untracked 
|  75|0x0000000088500000, 0x0000000088500000, 0x0000000088600000|  0%| F|  |TAMS 0x0000000088500000, 0x0000000088500000| Untracked 
|  76|0x0000000088600000, 0x0000000088600000, 0x0000000088700000|  0%| F|  |TAMS 0x0000000088600000, 0x0000000088600000| Untracked 
|  77|0x0000000088700000, 0x0000000088700000, 0x0000000088800000|  0%| F|  |TAMS 0x0000000088700000, 0x0000000088700000| Untracked 
|  78|0x0000000088800000, 0x0000000088800000, 0x0000000088900000|  0%| F|  |TAMS 0x0000000088800000, 0x0000000088800000| Untracked 
|  79|0x0000000088900000, 0x0000000088900000, 0x0000000088a00000|  0%| F|  |TAMS 0x0000000088900000, 0x0000000088900000| Untracked 
|  80|0x0000000088a00000, 0x0000000088a00000, 0x0000000088b00000|  0%| F|  |TAMS 0x0000000088a00000, 0x0000000088a00000| Untracked 
|  81|0x0000000088b00000, 0x0000000088b00000, 0x0000000088c00000|  0%| F|  |TAMS 0x0000000088b00000, 0x0000000088b00000| Untracked 
|  82|0x0000000088c00000, 0x0000000088c00000, 0x0000000088d00000|  0%| F|  |TAMS 0x0000000088c00000, 0x0000000088c00000| Untracked 
|  83|0x0000000088d00000, 0x0000000088d00000, 0x0000000088e00000|  0%| F|  |TAMS 0x0000000088d00000, 0x0000000088d00000| Untracked 
|  84|0x0000000088e00000, 0x0000000088e00000, 0x0000000088f00000|  0%| F|  |TAMS 0x0000000088e00000, 0x0000000088e00000| Untracked 
|  85|0x0000000088f00000, 0x0000000088f00000, 0x0000000089000000|  0%| F|  |TAMS 0x0000000088f00000, 0x0000000088f00000| Untracked 
|  86|0x0000000089000000, 0x0000000089000000, 0x0000000089100000|  0%| F|  |TAMS 0x0000000089000000, 0x0000000089000000| Untracked 
|  87|0x0000000089100000, 0x0000000089100000, 0x0000000089200000|  0%| F|  |TAMS 0x0000000089100000, 0x0000000089100000| Untracked 
|  88|0x0000000089200000, 0x0000000089200000, 0x0000000089300000|  0%| F|  |TAMS 0x0000000089200000, 0x0000000089200000| Untracked 
|  89|0x0000000089300000, 0x0000000089300000, 0x0000000089400000|  0%| F|  |TAMS 0x0000000089300000, 0x0000000089300000| Untracked 
|  90|0x0000000089400000, 0x0000000089400000, 0x0000000089500000|  0%| F|  |TAMS 0x0000000089400000, 0x0000000089400000| Untracked 
|  91|0x0000000089500000, 0x0000000089500000, 0x0000000089600000|  0%| F|  |TAMS 0x0000000089500000, 0x0000000089500000| Untracked 
|  92|0x0000000089600000, 0x0000000089600000, 0x0000000089700000|  0%| F|  |TAMS 0x0000000089600000, 0x0000000089600000| Untracked 
|  93|0x0000000089700000, 0x0000000089700000, 0x0000000089800000|  0%| F|  |TAMS 0x0000000089700000, 0x0000000089700000| Untracked 
|  94|0x0000000089800000, 0x0000000089800000, 0x0000000089900000|  0%| F|  |TAMS 0x0000000089800000, 0x0000000089800000| Untracked 
|  95|0x0000000089900000, 0x0000000089900000, 0x0000000089a00000|  0%| F|  |TAMS 0x0000000089900000, 0x0000000089900000| Untracked 
|  96|0x0000000089a00000, 0x0000000089a00000, 0x0000000089b00000|  0%| F|  |TAMS 0x0000000089a00000, 0x0000000089a00000| Untracked 
|  97|0x0000000089b00000, 0x0000000089b00000, 0x0000000089c00000|  0%| F|  |TAMS 0x0000000089b00000, 0x0000000089b00000| Untracked 
|  98|0x0000000089c00000, 0x0000000089c00000, 0x0000000089d00000|  0%| F|  |TAMS 0x0000000089c00000, 0x0000000089c00000| Untracked 
|  99|0x0000000089d00000, 0x0000000089d00000, 0x0000000089e00000|  0%| F|  |TAMS 0x0000000089d00000, 0x0000000089d00000| Untracked 
| 100|0x0000000089e00000, 0x0000000089e00000, 0x0000000089f00000|  0%| F|  |TAMS 0x0000000089e00000, 0x0000000089e00000| Untracked 
| 101|0x0000000089f00000, 0x0000000089f00000, 0x000000008a000000|  0%| F|  |TAMS 0x0000000089f00000, 0x0000000089f00000| Untracked 
| 102|0x000000008a000000, 0x000000008a000000, 0x000000008a100000|  0%| F|  |TAMS 0x000000008a000000, 0x000000008a000000| Untracked 
| 103|0x000000008a100000, 0x000000008a176460, 0x000000008a200000| 46%| E|  |TAMS 0x000000008a100000, 0x000000008a100000| Complete 
| 104|0x000000008a200000, 0x000000008a300000, 0x000000008a300000|100%| E|CS|TAMS 0x000000008a200000, 0x000000008a200000| Complete 
| 105|0x000000008a300000, 0x000000008a400000, 0x000000008a400000|100%| E|CS|TAMS 0x000000008a300000, 0x000000008a300000| Complete 
| 106|0x000000008a400000, 0x000000008a500000, 0x000000008a500000|100%| E|CS|TAMS 0x000000008a400000, 0x000000008a400000| Complete 
| 107|0x000000008a500000, 0x000000008a600000, 0x000000008a600000|100%| E|CS|TAMS 0x000000008a500000, 0x000000008a500000| Complete 
| 108|0x000000008a600000, 0x000000008a700000, 0x000000008a700000|100%| E|CS|TAMS 0x000000008a600000, 0x000000008a600000| Complete 
| 109|0x000000008a700000, 0x000000008a800000, 0x000000008a800000|100%| E|CS|TAMS 0x000000008a700000, 0x000000008a700000| Complete 
| 110|0x000000008a800000, 0x000000008a900000, 0x000000008a900000|100%| E|CS|TAMS 0x000000008a800000, 0x000000008a800000| Complete 
| 111|0x000000008a900000, 0x000000008aa00000, 0x000000008aa00000|100%| E|CS|TAMS 0x000000008a900000, 0x000000008a900000| Complete 
| 112|0x000000008aa00000, 0x000000008ab00000, 0x000000008ab00000|100%| E|CS|TAMS 0x000000008aa00000, 0x000000008aa00000| Complete 
| 113|0x000000008ab00000, 0x000000008ac00000, 0x000000008ac00000|100%| E|CS|TAMS 0x000000008ab00000, 0x000000008ab00000| Complete 
| 114|0x000000008ac00000, 0x000000008ad00000, 0x000000008ad00000|100%| E|CS|TAMS 0x000000008ac00000, 0x000000008ac00000| Complete 
| 115|0x000000008ad00000, 0x000000008ae00000, 0x000000008ae00000|100%| E|CS|TAMS 0x000000008ad00000, 0x000000008ad00000| Complete 
| 116|0x000000008ae00000, 0x000000008af00000, 0x000000008af00000|100%| E|CS|TAMS 0x000000008ae00000, 0x000000008ae00000| Complete 
| 117|0x000000008af00000, 0x000000008b000000, 0x000000008b000000|100%| E|CS|TAMS 0x000000008af00000, 0x000000008af00000| Complete 
| 118|0x000000008b000000, 0x000000008b100000, 0x000000008b100000|100%| E|CS|TAMS 0x000000008b000000, 0x000000008b000000| Complete 
| 119|0x000000008b100000, 0x000000008b200000, 0x000000008b200000|100%| E|CS|TAMS 0x000000008b100000, 0x000000008b100000| Complete 
| 120|0x000000008b200000, 0x000000008b300000, 0x000000008b300000|100%| E|CS|TAMS 0x000000008b200000, 0x000000008b200000| Complete 
| 121|0x000000008b300000, 0x000000008b400000, 0x000000008b400000|100%| E|CS|TAMS 0x000000008b300000, 0x000000008b300000| Complete 
| 122|0x000000008b400000, 0x000000008b500000, 0x000000008b500000|100%| E|CS|TAMS 0x000000008b400000, 0x000000008b400000| Complete 
| 123|0x000000008b500000, 0x000000008b600000, 0x000000008b600000|100%| E|CS|TAMS 0x000000008b500000, 0x000000008b500000| Complete 
| 124|0x000000008b600000, 0x000000008b700000, 0x000000008b700000|100%| E|CS|TAMS 0x000000008b600000, 0x000000008b600000| Complete 
| 125|0x000000008b700000, 0x000000008b800000, 0x000000008b800000|100%| E|CS|TAMS 0x000000008b700000, 0x000000008b700000| Complete 

Card table byte_map: [0x000001b05be50000,0x000001b05c240000] _byte_map_base: 0x000001b05ba33000

Marking Bits (Prev, Next): (CMBitMap*) 0x000001b042f9e440, (CMBitMap*) 0x000001b042f9e480
 Prev Bits: [0x000001b05c630000, 0x000001b05e548000)
 Next Bits: [0x000001b05e550000, 0x000001b060468000)

Polling page: 0x000001b043010000

Metaspace:

Usage:
  Non-class:     11.02 MB used.
      Class:      1.38 MB used.
       Both:     12.40 MB used.

Virtual space:
  Non-class space:       64.00 MB reserved,      11.12 MB ( 17%) committed,  1 nodes.
      Class space:        1.00 GB reserved,       1.50 MB ( <1%) committed,  1 nodes.
             Both:        1.06 GB reserved,      12.62 MB (  1%) committed. 

Chunk freelists:
   Non-Class:  4.12 MB
       Class:  14.53 MB
        Both:  18.65 MB

MaxMetaspaceSize: unlimited
CompressedClassSpaceSize: 1.00 GB
Initial GC threshold: 21.00 MB
Current GC threshold: 21.00 MB
CDS: on
MetaspaceReclaimPolicy: balanced
 - commit_granule_bytes: 65536.
 - commit_granule_words: 8192.
 - virtual_space_node_default_size: 8388608.
 - enlarge_chunks_in_place: 1.
 - new_chunks_are_fully_committed: 0.
 - uncommit_free_chunks: 1.
 - use_allocation_guard: 0.
 - handle_deallocations: 1.


Internal statistics:

num_allocs_failed_limit: 0.
num_arena_births: 148.
num_arena_deaths: 0.
num_vsnodes_births: 2.
num_vsnodes_deaths: 0.
num_space_committed: 202.
num_space_uncommitted: 0.
num_chunks_returned_to_freelist: 0.
num_chunks_taken_from_freelist: 262.
num_chunk_merges: 0.
num_chunk_splits: 144.
num_chunks_enlarged: 60.
num_inconsistent_stats: 0.

CodeHeap 'non-profiled nmethods': size=120000Kb used=436Kb max_used=436Kb free=119564Kb
 bounds [0x000001b053ad0000, 0x000001b053d40000, 0x000001b05b000000]
CodeHeap 'profiled nmethods': size=120000Kb used=2341Kb max_used=2341Kb free=117659Kb
 bounds [0x000001b04c000000, 0x000001b04c270000, 0x000001b053530000]
CodeHeap 'non-nmethods': size=5760Kb used=1313Kb max_used=1327Kb free=4446Kb
 bounds [0x000001b053530000, 0x000001b0537a0000, 0x000001b053ad0000]
 total_blobs=2034 nmethods=1403 adapters=543
 compilation: enabled
              stopped_count=0, restarted_count=0
 full_count=0

Compilation events (20 events):
Event: 30.729 Thread 0x000001b062e44f60 1395       3       sun.awt.image.ImageWatched$WeakLink$$Lambda$148/0x000001b0010bf208::run (32 bytes)
Event: 30.729 Thread 0x000001b062e44f60 nmethod 1395 0x000001b04c23ef90 code [0x000001b04c23f120, 0x000001b04c23f288]
Event: 30.729 Thread 0x000001b062e44f60 1396       3       sun.awt.image.ImageWatched$WeakLink::lambda$update$0 (19 bytes)
Event: 30.730 Thread 0x000001b062e44f60 nmethod 1396 0x000001b04c23f310 code [0x000001b04c23f4c0, 0x000001b04c23f768]
Event: 30.730 Thread 0x000001b062e44f60 1397       3       java.awt.ImageMediaEntry::imageUpdate (51 bytes)
Event: 30.730 Thread 0x000001b062e44f60 nmethod 1397 0x000001b04c23f890 code [0x000001b04c23fa80, 0x000001b04c240168]
Event: 30.736 Thread 0x000001b062e44f60 1398       3       sun.awt.image.IntegerInterleavedRaster::setDataElements (134 bytes)
Event: 30.737 Thread 0x000001b062e44f60 nmethod 1398 0x000001b04c240390 code [0x000001b04c240580, 0x000001b04c240c78]
Event: 30.749 Thread 0x000001b062e44f60 1399  s    3       sun.awt.image.InputStreamImageSource::doneDecoding (25 bytes)
Event: 30.750 Thread 0x000001b062e44f60 nmethod 1399 0x000001b04c240f10 code [0x000001b04c2410c0, 0x000001b04c241348]
Event: 30.750 Thread 0x000001b062e44f60 1400       3       sun.awt.image.InputStreamImageSource::latchConsumers (6 bytes)
Event: 30.750 Thread 0x000001b062e44f60 nmethod 1400 0x000001b04c241410 code [0x000001b04c2415c0, 0x000001b04c241968]
Event: 30.757 Thread 0x000001b062e44f60 1401   !   3       java.util.zip.Inflater::finished (19 bytes)
Event: 30.757 Thread 0x000001b062e44f60 nmethod 1401 0x000001b04c241a90 code [0x000001b04c241c20, 0x000001b04c241e18]
Event: 30.762 Thread 0x000001b062e44f60 1403       3       sun.awt.image.ImageDecoder::setPixels (58 bytes)
Event: 30.762 Thread 0x000001b062e44f60 nmethod 1403 0x000001b04c241f10 code [0x000001b04c242100, 0x000001b04c242888]
Event: 30.762 Thread 0x000001b062e44f60 1402       3       sun.awt.image.PNGImageDecoder::sendPixels (44 bytes)
Event: 30.763 Thread 0x000001b062e44f60 nmethod 1402 0x000001b04c242b90 code [0x000001b04c242d40, 0x000001b04c242fc8]
Event: 30.773 Thread 0x000001b062e44f60 1404   !   3       sun.awt.image.ImageRepresentation::setPixels (527 bytes)
Event: 30.775 Thread 0x000001b062e44f60 nmethod 1404 0x000001b04c243090 code [0x000001b04c243420, 0x000001b04c245488]

GC Heap History (0 events):
No events

Deoptimization events (20 events):
Event: 0.615 Thread 0x000001b042f42020 DEOPT PACKING pc=0x000001b04c14dad6 sp=0x00000029250fe610
Event: 0.615 Thread 0x000001b042f42020 DEOPT UNPACKING pc=0x000001b0535866e3 sp=0x00000029250fda98 mode 0
Event: 0.615 Thread 0x000001b042f42020 DEOPT PACKING pc=0x000001b04c14dad6 sp=0x00000029250fe610
Event: 0.615 Thread 0x000001b042f42020 DEOPT UNPACKING pc=0x000001b0535866e3 sp=0x00000029250fda98 mode 0
Event: 0.616 Thread 0x000001b042f42020 DEOPT PACKING pc=0x000001b04c14dad6 sp=0x00000029250fe610
Event: 0.616 Thread 0x000001b042f42020 DEOPT UNPACKING pc=0x000001b0535866e3 sp=0x00000029250fda98 mode 0
Event: 0.616 Thread 0x000001b042f42020 DEOPT PACKING pc=0x000001b04c14dad6 sp=0x00000029250fe4e0
Event: 0.616 Thread 0x000001b042f42020 DEOPT UNPACKING pc=0x000001b0535866e3 sp=0x00000029250fd968 mode 0
Event: 0.616 Thread 0x000001b042f42020 DEOPT PACKING pc=0x000001b04c14dad6 sp=0x00000029250fe610
Event: 0.616 Thread 0x000001b042f42020 DEOPT UNPACKING pc=0x000001b0535866e3 sp=0x00000029250fda98 mode 0
Event: 30.644 Thread 0x000001b042f42020 Uncommon trap: trap_request=0xffffff45 fr.pc=0x000001b053b1d41c relative=0x000000000000015c
Event: 30.644 Thread 0x000001b042f42020 Uncommon trap: reason=unstable_if action=reinterpret pc=0x000001b053b1d41c method=java.lang.invoke.VarHandle.checkExactAccessMode(Ljava/lang/invoke/VarHandle$AccessDescriptor;)V @ 4 c2
Event: 30.644 Thread 0x000001b042f42020 DEOPT PACKING pc=0x000001b053b1d41c sp=0x00000029250ff070
Event: 30.644 Thread 0x000001b042f42020 DEOPT UNPACKING pc=0x000001b053585ba3 sp=0x00000029250fefb0 mode 2
Event: 30.703 Thread 0x000001b067bdcfd0 DEOPT PACKING pc=0x000001b04c0e22b9 sp=0x00000029266feb40
Event: 30.703 Thread 0x000001b067bdcfd0 DEOPT UNPACKING pc=0x000001b0535866e3 sp=0x00000029266fe078 mode 0
Event: 30.727 Thread 0x000001b067bdcfd0 Uncommon trap: trap_request=0xffffff76 fr.pc=0x000001b053b03fac relative=0x000000000000178c
Event: 30.727 Thread 0x000001b067bdcfd0 Uncommon trap: reason=predicate action=maybe_recompile pc=0x000001b053b03fac method=sun.awt.image.PNGImageDecoder.produceImage()V @ 960 c2
Event: 30.727 Thread 0x000001b067bdcfd0 DEOPT PACKING pc=0x000001b053b03fac sp=0x00000029266fee80
Event: 30.727 Thread 0x000001b067bdcfd0 DEOPT UNPACKING pc=0x000001b053585ba3 sp=0x00000029266fede0 mode 2

Classes unloaded (0 events):
No events

Classes redefined (0 events):
No events

Internal exceptions (20 events):
Event: 26.593 Thread 0x000001b067bde410 Exception <a 'java/net/ConnectException'{0x000000008a412958}: Connection refused: no further information> (0x000000008a412958) 
thrown [s\open\src\hotspot\share\prims\jni.cpp, line 535]
Event: 26.593 Thread 0x000001b067bde410 Exception <a 'java/net/SocketException'{0x000000008a412c90}: Socket is not connected: shutdown> (0x000000008a412c90) 
thrown [s\open\src\hotspot\share\prims\jni.cpp, line 535]
Event: 26.593 Thread 0x000001b067bdc5b0 Exception <a 'java/net/ConnectException'{0x000000008a487ea8}: Connection refused: no further information> (0x000000008a487ea8) 
thrown [s\open\src\hotspot\share\prims\jni.cpp, line 535]
Event: 26.593 Thread 0x000001b067bdc5b0 Exception <a 'java/net/SocketException'{0x000000008a4881e0}: Socket is not connected: shutdown> (0x000000008a4881e0) 
thrown [s\open\src\hotspot\share\prims\jni.cpp, line 535]
Event: 27.600 Thread 0x000001b067bdc5b0 Exception <a 'java/net/ConnectException'{0x000000008a488908}: Connection refused: no further information> (0x000000008a488908) 
thrown [s\open\src\hotspot\share\prims\jni.cpp, line 535]
Event: 27.600 Thread 0x000001b067bde410 Exception <a 'java/net/ConnectException'{0x000000008a413378}: Connection refused: no further information> (0x000000008a413378) 
thrown [s\open\src\hotspot\share\prims\jni.cpp, line 535]
Event: 27.600 Thread 0x000001b067bdc5b0 Exception <a 'java/net/SocketException'{0x000000008a488c40}: Socket is not connected: shutdown> (0x000000008a488c40) 
thrown [s\open\src\hotspot\share\prims\jni.cpp, line 535]
Event: 27.600 Thread 0x000001b067bde410 Exception <a 'java/net/SocketException'{0x000000008a4136b0}: Socket is not connected: shutdown> (0x000000008a4136b0) 
thrown [s\open\src\hotspot\share\prims\jni.cpp, line 535]
Event: 28.615 Thread 0x000001b067bdc5b0 Exception <a 'java/net/ConnectException'{0x000000008a489348}: Connection refused: no further information> (0x000000008a489348) 
thrown [s\open\src\hotspot\share\prims\jni.cpp, line 535]
Event: 28.615 Thread 0x000001b067bde410 Exception <a 'java/net/ConnectException'{0x000000008a413d98}: Connection refused: no further information> (0x000000008a413d98) 
thrown [s\open\src\hotspot\share\prims\jni.cpp, line 535]
Event: 28.615 Thread 0x000001b067bdc5b0 Exception <a 'java/net/SocketException'{0x000000008a489680}: Socket is not connected: shutdown> (0x000000008a489680) 
thrown [s\open\src\hotspot\share\prims\jni.cpp, line 535]
Event: 28.615 Thread 0x000001b067bde410 Exception <a 'java/net/SocketException'{0x000000008a4140d0}: Socket is not connected: shutdown> (0x000000008a4140d0) 
thrown [s\open\src\hotspot\share\prims\jni.cpp, line 535]
Event: 29.629 Thread 0x000001b067bde410 Exception <a 'java/net/ConnectException'{0x000000008a4147d8}: Connection refused: no further information> (0x000000008a4147d8) 
thrown [s\open\src\hotspot\share\prims\jni.cpp, line 535]
Event: 29.629 Thread 0x000001b067bde410 Exception <a 'java/net/SocketException'{0x000000008a414b10}: Socket is not connected: shutdown> (0x000000008a414b10) 
thrown [s\open\src\hotspot\share\prims\jni.cpp, line 535]
Event: 29.630 Thread 0x000001b067bdc5b0 Exception <a 'java/net/ConnectException'{0x000000008a489d68}: Connection refused: no further information> (0x000000008a489d68) 
thrown [s\open\src\hotspot\share\prims\jni.cpp, line 535]
Event: 29.630 Thread 0x000001b067bdc5b0 Exception <a 'java/net/SocketException'{0x000000008a48a0a0}: Socket is not connected: shutdown> (0x000000008a48a0a0) 
thrown [s\open\src\hotspot\share\prims\jni.cpp, line 535]
Event: 30.639 Thread 0x000001b067bde410 Exception <a 'java/net/ConnectException'{0x000000008a4151f8}: Connection refused: no further information> (0x000000008a4151f8) 
thrown [s\open\src\hotspot\share\prims\jni.cpp, line 535]
Event: 30.639 Thread 0x000001b067bdc5b0 Exception <a 'java/net/ConnectException'{0x000000008a48a7a8}: Connection refused: no further information> (0x000000008a48a7a8) 
thrown [s\open\src\hotspot\share\prims\jni.cpp, line 535]
Event: 30.639 Thread 0x000001b067bdc5b0 Exception <a 'java/net/SocketException'{0x000000008a48aae0}: Socket is not connected: shutdown> (0x000000008a48aae0) 
thrown [s\open\src\hotspot\share\prims\jni.cpp, line 535]
Event: 30.639 Thread 0x000001b067bde410 Exception <a 'java/net/SocketException'{0x000000008a415530}: Socket is not connected: shutdown> (0x000000008a415530) 
thrown [s\open\src\hotspot\share\prims\jni.cpp, line 535]

VM Operations (20 events):
Event: 0.278 Executing VM operation: HandshakeAllThreads
Event: 0.278 Executing VM operation: HandshakeAllThreads done
Event: 0.329 Executing VM operation: HandshakeAllThreads
Event: 0.329 Executing VM operation: HandshakeAllThreads done
Event: 0.452 Executing VM operation: ICBufferFull
Event: 0.452 Executing VM operation: ICBufferFull done
Event: 0.658 Executing VM operation: HandshakeAllThreads
Event: 0.658 Executing VM operation: HandshakeAllThreads done
Event: 1.666 Executing VM operation: Cleanup
Event: 1.666 Executing VM operation: Cleanup done
Event: 10.759 Executing VM operation: Cleanup
Event: 10.759 Executing VM operation: Cleanup done
Event: 16.808 Executing VM operation: Cleanup
Event: 16.808 Executing VM operation: Cleanup done
Event: 17.812 Executing VM operation: Cleanup
Event: 17.812 Executing VM operation: Cleanup done
Event: 30.663 Executing VM operation: HandshakeAllThreads
Event: 30.663 Executing VM operation: HandshakeAllThreads done
Event: 30.663 Executing VM operation: Cleanup
Event: 30.665 Executing VM operation: Cleanup done

Events (20 events):
Event: 30.673 loading class sun/awt/image/BufImgVolatileSurfaceManager done
Event: 30.675 loading class sun/awt/image/BufImgSurfaceData
Event: 30.676 loading class sun/awt/image/BufImgSurfaceData done
Event: 30.676 loading class sun/awt/image/BufImgSurfaceData$ICMColorData
Event: 30.676 loading class sun/awt/image/BufImgSurfaceData$ICMColorData done
Event: 30.676 loading class sun/awt/image/BufferedImageDevice
Event: 30.676 loading class sun/awt/image/BufferedImageDevice done
Event: 30.681 loading class java/awt/print/PrinterGraphics
Event: 30.681 loading class java/awt/print/PrinterGraphics done
Event: 30.682 loading class java/awt/PrintGraphics
Event: 30.682 loading class java/awt/PrintGraphics done
Event: 30.682 loading class sun/java2d/loops/FontInfo
Event: 30.682 loading class sun/java2d/loops/FontInfo done
Event: 30.698 loading class javax/swing/JTable$PrintMode
Event: 30.698 loading class javax/swing/JTable$PrintMode done
Event: 30.700 Thread 0x000001b067bdcfd0 Thread added: 0x000001b067bdcfd0
Event: 30.708 loading class sun/awt/image/BufImgSurfaceManager
Event: 30.708 loading class sun/awt/image/BufImgSurfaceManager done
Event: 30.709 loading class javax/swing/table/DefaultTableCellRenderer$UIResource
Event: 30.709 loading class javax/swing/table/DefaultTableCellRenderer$UIResource done


Dynamic libraries:
0x00007ff660e70000 - 0x00007ff660e80000 	C:\Program Files\Java\jdk-17\bin\java.exe
0x00007ffabbff0000 - 0x00007ffabc206000 	C:\WINDOWS\SYSTEM32\ntdll.dll
0x00007ffabb180000 - 0x00007ffabb244000 	C:\WINDOWS\System32\KERNEL32.DLL
0x00007ffab9960000 - 0x00007ffab9d06000 	C:\WINDOWS\System32\KERNELBASE.dll
0x00007ffab9540000 - 0x00007ffab9651000 	C:\WINDOWS\System32\ucrtbase.dll
0x00007ffa9ffe0000 - 0x00007ffa9fffb000 	C:\Program Files\Java\jdk-17\bin\VCRUNTIME140.dll
0x00007ffaa0620000 - 0x00007ffaa0639000 	C:\Program Files\Java\jdk-17\bin\jli.dll
0x00007ffabb8d0000 - 0x00007ffabb982000 	C:\WINDOWS\System32\ADVAPI32.dll
0x00007ffabafe0000 - 0x00007ffabb087000 	C:\WINDOWS\System32\msvcrt.dll
0x00007ffab9d40000 - 0x00007ffab9de8000 	C:\WINDOWS\System32\sechost.dll
0x00007ffab9d10000 - 0x00007ffab9d38000 	C:\WINDOWS\System32\bcrypt.dll
0x00007ffabaeb0000 - 0x00007ffabafc5000 	C:\WINDOWS\System32\RPCRT4.dll
0x00007ffab9df0000 - 0x00007ffab9f9d000 	C:\WINDOWS\System32\USER32.dll
0x00007ffab9330000 - 0x00007ffab9356000 	C:\WINDOWS\System32\win32u.dll
0x00007ffa97e70000 - 0x00007ffa98103000 	C:\WINDOWS\WinSxS\amd64_microsoft.windows.common-controls_6595b64144ccf1df_6.0.22621.3235_none_270f74e173860f98\COMCTL32.dll
0x00007ffabbe80000 - 0x00007ffabbea9000 	C:\WINDOWS\System32\GDI32.dll
0x00007ffab9700000 - 0x00007ffab9818000 	C:\WINDOWS\System32\gdi32full.dll
0x00007ffab9660000 - 0x00007ffab96fa000 	C:\WINDOWS\System32\msvcp_win.dll
0x00007ffaa9d20000 - 0x00007ffaa9d2a000 	C:\WINDOWS\SYSTEM32\VERSION.dll
0x00007ffabb0b0000 - 0x00007ffabb0e1000 	C:\WINDOWS\System32\IMM32.DLL
0x00007ffa9ffd0000 - 0x00007ffa9ffdc000 	C:\Program Files\Java\jdk-17\bin\vcruntime140_1.dll
0x00007ffa71e10000 - 0x00007ffa71e9e000 	C:\Program Files\Java\jdk-17\bin\msvcp140.dll
0x00007ffa340d0000 - 0x00007ffa34caf000 	C:\Program Files\Java\jdk-17\bin\server\jvm.dll
0x00007ffabae80000 - 0x00007ffabae88000 	C:\WINDOWS\System32\PSAPI.DLL
0x00007ffa93070000 - 0x00007ffa93079000 	C:\WINDOWS\SYSTEM32\WSOCK32.dll
0x00007ffab1280000 - 0x00007ffab12b4000 	C:\WINDOWS\SYSTEM32\WINMM.dll
0x00007ffaba100000 - 0x00007ffaba171000 	C:\WINDOWS\System32\WS2_32.dll
0x00007ffab8330000 - 0x00007ffab8348000 	C:\WINDOWS\SYSTEM32\kernel.appcore.dll
0x00007ffa9fc20000 - 0x00007ffa9fc2a000 	C:\Program Files\Java\jdk-17\bin\jimage.dll
0x00007ffab6b50000 - 0x00007ffab6d83000 	C:\WINDOWS\SYSTEM32\DBGHELP.DLL
0x00007ffabb990000 - 0x00007ffabbd18000 	C:\WINDOWS\System32\combase.dll
0x00007ffabb370000 - 0x00007ffabb447000 	C:\WINDOWS\System32\OLEAUT32.dll
0x00007ffa949c0000 - 0x00007ffa949f2000 	C:\WINDOWS\SYSTEM32\dbgcore.DLL
0x00007ffab98e0000 - 0x00007ffab995a000 	C:\WINDOWS\System32\bcryptPrimitives.dll
0x00007ffa9fba0000 - 0x00007ffa9fbc5000 	C:\Program Files\Java\jdk-17\bin\java.dll
0x00007ffa71ea0000 - 0x00007ffa71f77000 	C:\Program Files\Java\jdk-17\bin\jsvml.dll
0x00007ffaba320000 - 0x00007ffabab7d000 	C:\WINDOWS\System32\SHELL32.dll
0x00007ffab7240000 - 0x00007ffab7b38000 	C:\WINDOWS\SYSTEM32\windows.storage.dll
0x00007ffab7100000 - 0x00007ffab723e000 	C:\WINDOWS\SYSTEM32\wintypes.dll
0x00007ffabbeb0000 - 0x00007ffabbfa3000 	C:\WINDOWS\System32\SHCORE.dll
0x00007ffabad40000 - 0x00007ffabad9e000 	C:\WINDOWS\System32\shlwapi.dll
0x00007ffab9260000 - 0x00007ffab9286000 	C:\WINDOWS\SYSTEM32\profapi.dll
0x00007ffa9f5d0000 - 0x00007ffa9f5e9000 	C:\Program Files\Java\jdk-17\bin\net.dll
0x00007ffab37c0000 - 0x00007ffab38f7000 	C:\WINDOWS\SYSTEM32\WINHTTP.dll
0x00007ffab87b0000 - 0x00007ffab8819000 	C:\WINDOWS\system32\mswsock.dll
0x00007ffa9ca30000 - 0x00007ffa9ca46000 	C:\Program Files\Java\jdk-17\bin\nio.dll
0x00007ffa97010000 - 0x00007ffa97028000 	C:\Program Files\Java\jdk-17\bin\zip.dll
0x00007ffa40900000 - 0x00007ffa40a91000 	C:\Program Files\Java\jdk-17\bin\awt.dll
0x00007ffab61e0000 - 0x00007ffab6277000 	C:\WINDOWS\SYSTEM32\apphelp.dll
0x00007ffab6600000 - 0x00007ffab662b000 	C:\WINDOWS\system32\DWMAPI.DLL
0x00007ffab6370000 - 0x00007ffab641b000 	C:\WINDOWS\system32\uxtheme.dll
0x00007ffa9be90000 - 0x00007ffa9bf90000 	C:\WINDOWS\system32\opengl32.dll
0x00007ffa9ed40000 - 0x00007ffa9ed6d000 	C:\WINDOWS\SYSTEM32\GLU32.dll
0x00007ffab6490000 - 0x00007ffab64c9000 	C:\WINDOWS\SYSTEM32\dxcore.dll
0x00007ffab9fa0000 - 0x00007ffaba0f4000 	C:\WINDOWS\System32\MSCTF.dll
0x00007ffaba180000 - 0x00007ffaba31f000 	C:\WINDOWS\System32\ole32.dll
0x00007ffa711c0000 - 0x00007ffa71247000 	C:\Program Files\Java\jdk-17\bin\freetype.dll
0x00007ffa6d580000 - 0x00007ffa6d653000 	C:\Program Files\Java\jdk-17\bin\fontmanager.dll
0x00007ffabbdd0000 - 0x00007ffabbe80000 	C:\WINDOWS\System32\clbcatq.dll
0x00007ffab4af0000 - 0x00007ffab4ca0000 	C:\WINDOWS\SYSTEM32\WindowsCodecs.dll
0x00007ffa98a20000 - 0x00007ffa98a7e000 	C:\WINDOWS\system32\dataexchange.dll
0x00007ffab0ae0000 - 0x00007ffab0d6f000 	C:\WINDOWS\system32\twinapi.appcore.dll
0x00007ffa90f50000 - 0x00007ffa90f67000 	C:\WINDOWS\system32\napinsp.dll
0x00007ffa90f30000 - 0x00007ffa90f4b000 	C:\WINDOWS\system32\pnrpnsp.dll
0x00007ffab7dc0000 - 0x00007ffab7eb9000 	C:\WINDOWS\SYSTEM32\DNSAPI.dll
0x00007ffab7d90000 - 0x00007ffab7dbd000 	C:\WINDOWS\SYSTEM32\IPHLPAPI.DLL
0x00007ffabae90000 - 0x00007ffabae99000 	C:\WINDOWS\System32\NSI.dll
0x00007ffa90ee0000 - 0x00007ffa90ef1000 	C:\WINDOWS\System32\winrnr.dll
0x00007ffa90f10000 - 0x00007ffa90f25000 	C:\WINDOWS\system32\wshbth.dll
0x00007ffa90eb0000 - 0x00007ffa90ed1000 	C:\WINDOWS\system32\nlansp_c.dll
0x00007ffab2bd0000 - 0x00007ffab2bda000 	C:\Windows\System32\rasadhlp.dll
0x00007ffab0f70000 - 0x00007ffab0ff3000 	C:\WINDOWS\System32\fwpuclnt.dll
0x00007ffa9b8a0000 - 0x00007ffa9b9ea000 	C:\WINDOWS\SYSTEM32\textinputframework.dll

dbghelp: loaded successfully - version: 4.0.5 - missing functions: none
symbol engine: initialized successfully - sym options: 0x614 - pdb path: .;C:\Program Files\Java\jdk-17\bin;C:\WINDOWS\SYSTEM32;C:\WINDOWS\WinSxS\amd64_microsoft.windows.common-controls_6595b64144ccf1df_6.0.22621.3235_none_270f74e173860f98;C:\Program Files\Java\jdk-17\bin\server

VM Arguments:
jvm_args: -Dfile.encoding=UTF-8 --module-path=C:\Users\hgmin\OneDrive\Desktop\study\final_project_app\build\classes 
java_command: GUI.Final_project
java_class_path (initial): C:\Program Files\Java\jfreechart-1.0.19\lib\hamcrest-core-1.3.jar;C:\Program Files\Java\jfreechart-1.0.19\lib\jcommon-1.0.23.jar;C:\Program Files\Java\jfreechart-1.0.19\lib\jfreechart-1.0.19-experimental.jar;C:\Program Files\Java\jfreechart-1.0.19\lib\jfreechart-1.0.19-swt.jar;C:\Program Files\Java\jfreechart-1.0.19\lib\jfreechart-1.0.19.jar;C:\Program Files\Java\jfreechart-1.0.19\lib\jfreesvg-2.0.jar;C:\Program Files\Java\jfreechart-1.0.19\lib\junit-4.11.jar;C:\Program Files\Java\jfreechart-1.0.19\lib\orsoncharts-1.4-eval-nofx.jar;C:\Program Files\Java\jfreechart-1.0.19\lib\orsonpdf-1.6-eval.jar;C:\Program Files\Java\jfreechart-1.0.19\lib\servlet.jar;C:\Program Files\Java\jfreechart-1.0.19\lib\swtgraphics2d.jar;C:\Program Files\Java\sqljdbc_12.6\enu\jars\mssql-jdbc-12.6.1.jre11-javadoc.jar;C:\Program Files\Java\sqljdbc_12.6\enu\jars\mssql-jdbc-12.6.1.jre11-sources.jar;C:\Program Files\Java\sqljdbc_12.6\enu\jars\mssql-jdbc-12.6.1.jre11.jar;C:\Program Files\Java\sqljdbc_12.6\enu\jars\mssql-jdbc-12.6.1.jre8-javadoc.jar;C:\Program Files\Java\sqljdbc_12.6\enu\jars\mssql-jdbc-12.6.1.jre8-sources.jar;C:\Program Files\Java\sqljdbc_12.6\enu\jars\mssql-jdbc-12.6.1.jre8.jar;C:\Users\hgmin\OneDrive\Desktop\study\final_project_app\build\classes
Launcher Type: SUN_STANDARD

[Global flags]
     intx CICompilerCount                          = 4                                         {product} {ergonomic}
     uint ConcGCThreads                            = 2                                         {product} {ergonomic}
     uint G1ConcRefinementThreads                  = 8                                         {product} {ergonomic}
   size_t G1HeapRegionSize                         = 1048576                                   {product} {ergonomic}
    uintx GCDrainStackTargetSize                   = 64                                        {product} {ergonomic}
   size_t InitialHeapSize                          = 132120576                                 {product} {ergonomic}
   size_t MarkStackSize                            = 4194304                                   {product} {ergonomic}
   size_t MaxHeapSize                              = 2086666240                                {product} {ergonomic}
   size_t MaxNewSize                               = 1251999744                                {product} {ergonomic}
   size_t MinHeapDeltaBytes                        = 1048576                                   {product} {ergonomic}
   size_t MinHeapSize                              = 8388608                                   {product} {ergonomic}
    uintx NonNMethodCodeHeapSize                   = 5839372                                {pd product} {ergonomic}
    uintx NonProfiledCodeHeapSize                  = 122909434                              {pd product} {ergonomic}
    uintx ProfiledCodeHeapSize                     = 122909434                              {pd product} {ergonomic}
    uintx ReservedCodeCacheSize                    = 251658240                              {pd product} {ergonomic}
     bool SegmentedCodeCache                       = true                                      {product} {ergonomic}
   size_t SoftMaxHeapSize                          = 2086666240                             {manageable} {ergonomic}
     bool UseCompressedClassPointers               = true                           {product lp64_product} {ergonomic}
     bool UseCompressedOops                        = true                           {product lp64_product} {ergonomic}
     bool UseG1GC                                  = true                                      {product} {ergonomic}
     bool UseLargePagesIndividualAllocation        = false                                  {pd product} {ergonomic}

Logging:
Log output configuration:
 #0: stdout all=warning uptime,level,tags
 #1: stderr all=off uptime,level,tags

Environment Variables:
PATH=C:\Program Files\Common Files\Oracle\Java\javapath;C:\WINDOWS\system32;C:\WINDOWS;C:\WINDOWS\System32\Wbem;C:\WINDOWS\System32\WindowsPowerShell\v1.0\;C:\WINDOWS\System32\OpenSSH\;C:\Program Files\Git\cmd;C:\Program Files\nodejs\;C:\Program Files (x86)\Microsoft SQL Server\160\Tools\Binn\;C:\Program Files\Microsoft SQL Server\160\Tools\Binn\;C:\Program Files\Microsoft SQL Server\Client SDK\ODBC\170\Tools\Binn\;C:\Program Files\Microsoft SQL Server\160\DTS\Binn\;C:\Program Files (x86)\Microsoft SQL Server\160\DTS\Binn\;C:\Program Files\Azure Data Studio\bin;C:\Program Files\Docker\Docker\resources\bin;C:\Users\hgmin\AppData\Local\Microsoft\WindowsApps;C:\Users\hgmin\AppData\Local\Programs\Microsoft VS Code\bin;C:\Users\hgmin\AppData\Local\Programs\mongosh\;C:\Program Files\Git\bin;C:\Users\hgmin\AppData\Roaming\npm;C:\Program Files\Azure Data Studio\bin;C:\Program Files\ngrok;C:\Users\hgmin\AppData\Local\Programs\Python\Python311\Scripts;C:\Users\hgmin\.bun\bin;
USERNAME=hgmin
OS=Windows_NT
PROCESSOR_IDENTIFIER=Intel64 Family 6 Model 140 Stepping 1, GenuineIntel



---------------  S Y S T E M  ---------------

OS:
 Windows 11 , 64 bit Build 22621 (10.0.22621.3235)
OS uptime: 7 days 23:53 hours
Hyper-V role detected

CPU: total 8 (initial active 8) (4 cores per cpu, 2 threads per core) family 6 model 140 stepping 1 microcode 0xac, cx8, cmov, fxsr, ht, mmx, 3dnowpref, sse, sse2, sse3, ssse3, sse4.1, sse4.2, popcnt, lzcnt, tsc, tscinvbit, avx, avx2, aes, erms, clmul, bmi1, bmi2, adx, avx512f, avx512dq, avx512cd, avx512bw, avx512vl, sha, fma, vzeroupper, avx512_vpopcntdq, avx512_vpclmulqdq, avx512_vaes, avx512_vnni, clflush, clflushopt, clwb, avx512_vbmi2, avx512_vbmi, hv

Memory: 4k page, system-wide physical 7957M (505M free)
TotalPageFile size 32533M (AvailPageFile size 5M)
current process WorkingSet (physical memory assigned to process): 94M, peak: 94M
current process commit charge ("private bytes"): 237M, peak: 238M

vm_info: Java HotSpot(TM) 64-Bit Server VM (17.0.10+11-LTS-240) for windows-amd64 JRE (17.0.10+11-LTS-240), built on Dec 19 2023 21:47:25 by "mach5one" with MS VC++ 17.1 (VS2022)

END.
