#
# There is insufficient memory for the Java Runtime Environment to continue.
# Native memory allocation (mmap) failed to map 132120576 bytes for G1 virtual space
# Possible reasons:
#   The system is out of physical RAM or swap space
#   The process is running with CompressedOops enabled, and the Java Heap may be blocking the growth of the native heap
# Possible solutions:
#   Reduce memory load on the system
#   Increase physical memory or swap space
#   Check if swap backing store is full
#   Decrease Java heap size (-Xmx/-Xms)
#   Decrease number of Java threads
#   Decrease Java thread stack sizes (-Xss)
#   Set larger code cache with -XX:ReservedCodeCacheSize=
#   JVM is running with Unscaled Compressed Oops mode in which the Java heap is
#     placed in the first 4GB address space. The Java Heap base address is the
#     maximum limit for the native heap growth. Please use -XX:HeapBaseMinAddress
#     to set the Java Heap base and to place the Java Heap above 4GB virtual address.
# This output file may be truncated or incomplete.
#
#  Out of Memory Error (os_windows.cpp:3548), pid=17988, tid=18496
#
# JRE version:  (17.0.10+11) (build )
# Java VM: Java HotSpot(TM) 64-Bit Server VM (17.0.10+11-LTS-240, mixed mode, sharing, tiered, compressed oops, compressed class ptrs, g1 gc, windows-amd64)
# No core dump will be written. Minidumps are not enabled by default on client versions of Windows
#

---------------  S U M M A R Y ------------

Command Line: -Dfile.encoding=UTF-8 --module-path=C:\Users\hgmin\OneDrive\Desktop\study\final_project_app\build\classes GUI.Final_project

Host: 11th Gen Intel(R) Core(TM) i5-1135G7 @ 2.40GHz, 8 cores, 7G,  Windows 11 , 64 bit Build 22621 (10.0.22621.3235)
Time: Fri Apr  5 22:12:45 2024 SE Asia Standard Time elapsed time: 0.009674 seconds (0d 0h 0m 0s)

---------------  T H R E A D  ---------------

Current thread (0x000001a965f11db0):  JavaThread "Unknown thread" [_thread_in_vm, id=18496, stack(0x00000087dd600000,0x00000087dd700000)]

Stack: [0x00000087dd600000,0x00000087dd700000]
Native frames: (J=compiled Java code, j=interpreted, Vv=VM code, C=native code)
V  [jvm.dll+0x677a5a]
V  [jvm.dll+0x7d8b2d]
V  [jvm.dll+0x7da48e]
V  [jvm.dll+0x7daaf3]
V  [jvm.dll+0x2455ff]
V  [jvm.dll+0x6749b9]
V  [jvm.dll+0x669382]
V  [jvm.dll+0x302e96]
V  [jvm.dll+0x30a416]
V  [jvm.dll+0x359cbe]
V  [jvm.dll+0x359eef]
V  [jvm.dll+0x2d9e88]
V  [jvm.dll+0x2dadf4]
V  [jvm.dll+0x7aa551]
V  [jvm.dll+0x367911]
V  [jvm.dll+0x789639]
V  [jvm.dll+0x3eb30f]
V  [jvm.dll+0x3ecd91]
C  [jli.dll+0x5297]
C  [ucrtbase.dll+0x29363]
C  [KERNEL32.DLL+0x1257d]
C  [ntdll.dll+0x5aa58]


---------------  P R O C E S S  ---------------

Threads class SMR info:
_java_thread_list=0x00007ffa34b86a18, length=0, elements={
}

Java Threads: ( => current thread )

Other Threads:
  0x000001a965f6b940 GCTaskThread "GC Thread#0" [stack: 0x00000087dd700000,0x00000087dd800000] [id=18544]
  0x000001a965f7d160 ConcurrentGCThread "G1 Main Marker" [stack: 0x00000087dd800000,0x00000087dd900000] [id=15048]
  0x000001a965f7db70 ConcurrentGCThread "G1 Conc#0" [stack: 0x00000087dd900000,0x00000087dda00000] [id=23012]

[error occurred during error reporting (printing all threads), id 0xc0000005, EXCEPTION_ACCESS_VIOLATION (0xc0000005) at pc=0x00007ffa343baae7]

VM state: not at safepoint (not fully initialized)

VM Mutex/Monitor currently owned by a thread:  ([mutex/lock_event])
[0x000001a965f0d690] Heap_lock - owner thread: 0x000001a965f11db0

Heap address: 0x0000000083a00000, size: 1990 MB, Compressed Oops mode: 32-bit

CDS archive(s) mapped at: [0x0000000000000000-0x0000000000000000-0x0000000000000000), size 0, SharedBaseAddress: 0x0000000800000000, ArchiveRelocationMode: 1.
Narrow klass base: 0x0000000000000000, Narrow klass shift: 0, Narrow klass range: 0x0

GC Precious Log:
<Empty>

Heap:
 garbage-first heap   total 0K, used 0K [0x0000000083a00000, 0x0000000100000000)
  region size 1024K, 0 young (0K), 0 survivors (0K)

[error occurred during error reporting (printing heap information), id 0xc0000005, EXCEPTION_ACCESS_VIOLATION (0xc0000005) at pc=0x00007ffa347a1249]

GC Heap History (0 events):
No events

Deoptimization events (0 events):
No events

Classes unloaded (0 events):
No events

Classes redefined (0 events):
No events

Internal exceptions (0 events):
No events

VM Operations (0 events):
No events

Events (1 events):
Event: 0.005 Loaded shared library C:\Program Files\Java\jdk-17\bin\java.dll


Dynamic libraries:
0x00007ff660e70000 - 0x00007ff660e80000 	C:\Program Files\Java\jdk-17\bin\java.exe
0x00007ffabbff0000 - 0x00007ffabc206000 	C:\WINDOWS\SYSTEM32\ntdll.dll
0x00007ffabb180000 - 0x00007ffabb244000 	C:\WINDOWS\System32\KERNEL32.DLL
0x00007ffab9960000 - 0x00007ffab9d06000 	C:\WINDOWS\System32\KERNELBASE.dll
0x00007ffab9540000 - 0x00007ffab9651000 	C:\WINDOWS\System32\ucrtbase.dll
0x00007ffa9ffe0000 - 0x00007ffa9fffb000 	C:\Program Files\Java\jdk-17\bin\VCRUNTIME140.dll
0x00007ffaa0620000 - 0x00007ffaa0639000 	C:\Program Files\Java\jdk-17\bin\jli.dll
0x00007ffabb8d0000 - 0x00007ffabb982000 	C:\WINDOWS\System32\ADVAPI32.dll
0x00007ffabafe0000 - 0x00007ffabb087000 	C:\WINDOWS\System32\msvcrt.dll
0x00007ffab9d40000 - 0x00007ffab9de8000 	C:\WINDOWS\System32\sechost.dll
0x00007ffab9d10000 - 0x00007ffab9d38000 	C:\WINDOWS\System32\bcrypt.dll
0x00007ffabaeb0000 - 0x00007ffabafc5000 	C:\WINDOWS\System32\RPCRT4.dll
0x00007ffab9df0000 - 0x00007ffab9f9d000 	C:\WINDOWS\System32\USER32.dll
0x00007ffab9330000 - 0x00007ffab9356000 	C:\WINDOWS\System32\win32u.dll
0x00007ffa97e70000 - 0x00007ffa98103000 	C:\WINDOWS\WinSxS\amd64_microsoft.windows.common-controls_6595b64144ccf1df_6.0.22621.3235_none_270f74e173860f98\COMCTL32.dll
0x00007ffabbe80000 - 0x00007ffabbea9000 	C:\WINDOWS\System32\GDI32.dll
0x00007ffab9700000 - 0x00007ffab9818000 	C:\WINDOWS\System32\gdi32full.dll
0x00007ffab9660000 - 0x00007ffab96fa000 	C:\WINDOWS\System32\msvcp_win.dll
0x00007ffaa9d20000 - 0x00007ffaa9d2a000 	C:\WINDOWS\SYSTEM32\VERSION.dll
0x00007ffabb0b0000 - 0x00007ffabb0e1000 	C:\WINDOWS\System32\IMM32.DLL
0x00007ffa9ffd0000 - 0x00007ffa9ffdc000 	C:\Program Files\Java\jdk-17\bin\vcruntime140_1.dll
0x00007ffa71e10000 - 0x00007ffa71e9e000 	C:\Program Files\Java\jdk-17\bin\msvcp140.dll
0x00007ffa340d0000 - 0x00007ffa34caf000 	C:\Program Files\Java\jdk-17\bin\server\jvm.dll
0x00007ffabae80000 - 0x00007ffabae88000 	C:\WINDOWS\System32\PSAPI.DLL
0x00007ffa93070000 - 0x00007ffa93079000 	C:\WINDOWS\SYSTEM32\WSOCK32.dll
0x00007ffab1280000 - 0x00007ffab12b4000 	C:\WINDOWS\SYSTEM32\WINMM.dll
0x00007ffaba100000 - 0x00007ffaba171000 	C:\WINDOWS\System32\WS2_32.dll
0x00007ffab8330000 - 0x00007ffab8348000 	C:\WINDOWS\SYSTEM32\kernel.appcore.dll
0x00007ffa9fc20000 - 0x00007ffa9fc2a000 	C:\Program Files\Java\jdk-17\bin\jimage.dll
0x00007ffab6b50000 - 0x00007ffab6d83000 	C:\WINDOWS\SYSTEM32\DBGHELP.DLL
0x00007ffabb990000 - 0x00007ffabbd18000 	C:\WINDOWS\System32\combase.dll
0x00007ffabb370000 - 0x00007ffabb447000 	C:\WINDOWS\System32\OLEAUT32.dll
0x00007ffa949c0000 - 0x00007ffa949f2000 	C:\WINDOWS\SYSTEM32\dbgcore.DLL
0x00007ffab98e0000 - 0x00007ffab995a000 	C:\WINDOWS\System32\bcryptPrimitives.dll
0x00007ffa9fba0000 - 0x00007ffa9fbc5000 	C:\Program Files\Java\jdk-17\bin\java.dll

dbghelp: loaded successfully - version: 4.0.5 - missing functions: none
symbol engine: initialized successfully - sym options: 0x614 - pdb path: .;C:\Program Files\Java\jdk-17\bin;C:\WINDOWS\SYSTEM32;C:\WINDOWS\WinSxS\amd64_microsoft.windows.common-controls_6595b64144ccf1df_6.0.22621.3235_none_270f74e173860f98;C:\Program Files\Java\jdk-17\bin\server

VM Arguments:
jvm_args: -Dfile.encoding=UTF-8 --module-path=C:\Users\hgmin\OneDrive\Desktop\study\final_project_app\build\classes 
java_command: GUI.Final_project
java_class_path (initial): C:\Program Files\Java\jfreechart-1.0.19\lib\hamcrest-core-1.3.jar;C:\Program Files\Java\jfreechart-1.0.19\lib\jcommon-1.0.23.jar;C:\Program Files\Java\jfreechart-1.0.19\lib\jfreechart-1.0.19-experimental.jar;C:\Program Files\Java\jfreechart-1.0.19\lib\jfreechart-1.0.19-swt.jar;C:\Program Files\Java\jfreechart-1.0.19\lib\jfreechart-1.0.19.jar;C:\Program Files\Java\jfreechart-1.0.19\lib\jfreesvg-2.0.jar;C:\Program Files\Java\jfreechart-1.0.19\lib\junit-4.11.jar;C:\Program Files\Java\jfreechart-1.0.19\lib\orsoncharts-1.4-eval-nofx.jar;C:\Program Files\Java\jfreechart-1.0.19\lib\orsonpdf-1.6-eval.jar;C:\Program Files\Java\jfreechart-1.0.19\lib\servlet.jar;C:\Program Files\Java\jfreechart-1.0.19\lib\swtgraphics2d.jar;C:\Program Files\Java\sqljdbc_12.6\enu\jars\mssql-jdbc-12.6.1.jre11-javadoc.jar;C:\Program Files\Java\sqljdbc_12.6\enu\jars\mssql-jdbc-12.6.1.jre11-sources.jar;C:\Program Files\Java\sqljdbc_12.6\enu\jars\mssql-jdbc-12.6.1.jre11.jar;C:\Program Files\Java\sqljdbc_12.6\enu\jars\mssql-jdbc-12.6.1.jre8-javadoc.jar;C:\Program Files\Java\sqljdbc_12.6\enu\jars\mssql-jdbc-12.6.1.jre8-sources.jar;C:\Program Files\Java\sqljdbc_12.6\enu\jars\mssql-jdbc-12.6.1.jre8.jar;C:\Users\hgmin\OneDrive\Desktop\study\final_project_app\build\classes
Launcher Type: SUN_STANDARD

[Global flags]
     intx CICompilerCount                          = 4                                         {product} {ergonomic}
     uint ConcGCThreads                            = 2                                         {product} {ergonomic}
     uint G1ConcRefinementThreads                  = 8                                         {product} {ergonomic}
   size_t G1HeapRegionSize                         = 1048576                                   {product} {ergonomic}
    uintx GCDrainStackTargetSize                   = 64                                        {product} {ergonomic}
   size_t InitialHeapSize                          = 132120576                                 {product} {ergonomic}
   size_t MarkStackSize                            = 4194304                                   {product} {ergonomic}
   size_t MaxHeapSize                              = 2086666240                                {product} {ergonomic}
   size_t MinHeapDeltaBytes                        = 1048576                                   {product} {ergonomic}
   size_t MinHeapSize                              = 8388608                                   {product} {ergonomic}
    uintx NonNMethodCodeHeapSize                   = 5839372                                {pd product} {ergonomic}
    uintx NonProfiledCodeHeapSize                  = 122909434                              {pd product} {ergonomic}
    uintx ProfiledCodeHeapSize                     = 122909434                              {pd product} {ergonomic}
    uintx ReservedCodeCacheSize                    = 251658240                              {pd product} {ergonomic}
     bool SegmentedCodeCache                       = true                                      {product} {ergonomic}
   size_t SoftMaxHeapSize                          = 2086666240                             {manageable} {ergonomic}
     bool UseCompressedClassPointers               = true                           {product lp64_product} {ergonomic}
     bool UseCompressedOops                        = true                           {product lp64_product} {ergonomic}
     bool UseG1GC                                  = true                                      {product} {ergonomic}
     bool UseLargePagesIndividualAllocation        = false                                  {pd product} {ergonomic}

Logging:
Log output configuration:
 #0: stdout all=warning uptime,level,tags
 #1: stderr all=off uptime,level,tags

Environment Variables:
PATH=C:\Program Files\Common Files\Oracle\Java\javapath;C:\WINDOWS\system32;C:\WINDOWS;C:\WINDOWS\System32\Wbem;C:\WINDOWS\System32\WindowsPowerShell\v1.0\;C:\WINDOWS\System32\OpenSSH\;C:\Program Files\Git\cmd;C:\Program Files\nodejs\;C:\Program Files (x86)\Microsoft SQL Server\160\Tools\Binn\;C:\Program Files\Microsoft SQL Server\160\Tools\Binn\;C:\Program Files\Microsoft SQL Server\Client SDK\ODBC\170\Tools\Binn\;C:\Program Files\Microsoft SQL Server\160\DTS\Binn\;C:\Program Files (x86)\Microsoft SQL Server\160\DTS\Binn\;C:\Program Files\Azure Data Studio\bin;C:\Program Files\Docker\Docker\resources\bin;C:\Users\hgmin\AppData\Local\Microsoft\WindowsApps;C:\Users\hgmin\AppData\Local\Programs\Microsoft VS Code\bin;C:\Users\hgmin\AppData\Local\Programs\mongosh\;C:\Program Files\Git\bin;C:\Users\hgmin\AppData\Roaming\npm;C:\Program Files\Azure Data Studio\bin;C:\Program Files\ngrok;C:\Users\hgmin\AppData\Local\Programs\Python\Python311\Scripts;C:\Users\hgmin\.bun\bin;
USERNAME=hgmin
OS=Windows_NT
PROCESSOR_IDENTIFIER=Intel64 Family 6 Model 140 Stepping 1, GenuineIntel



---------------  S Y S T E M  ---------------

OS:
 Windows 11 , 64 bit Build 22621 (10.0.22621.3235)
OS uptime: 7 days 23:53 hours
Hyper-V role detected

CPU: total 8 (initial active 8) (4 cores per cpu, 2 threads per core) family 6 model 140 stepping 1 microcode 0xac, cx8, cmov, fxsr, ht, mmx, 3dnowpref, sse, sse2, sse3, ssse3, sse4.1, sse4.2, popcnt, lzcnt, tsc, tscinvbit, avx, avx2, aes, erms, clmul, bmi1, bmi2, adx, avx512f, avx512dq, avx512cd, avx512bw, avx512vl, sha, fma, vzeroupper, avx512_vpopcntdq, avx512_vpclmulqdq, avx512_vaes, avx512_vnni, clflush, clflushopt, clwb, avx512_vbmi2, avx512_vbmi, hv

Memory: 4k page, system-wide physical 7957M (352M free)
TotalPageFile size 32533M (AvailPageFile size 34M)
current process WorkingSet (physical memory assigned to process): 11M, peak: 11M
current process commit charge ("private bytes"): 60M, peak: 186M

vm_info: Java HotSpot(TM) 64-Bit Server VM (17.0.10+11-LTS-240) for windows-amd64 JRE (17.0.10+11-LTS-240), built on Dec 19 2023 21:47:25 by "mach5one" with MS VC++ 17.1 (VS2022)

END.
